<?xml version="1.0" encoding="UTF-8"?>
<!-- Generated by org.testng.reporters.JUnitReportReporter -->
<testsuite hostname="Alexanders-Air" failures="0" tests="3" name="Area51.homePage" time="93.044" errors="0" timestamp="2023-05-30T00:17:31 EDT" skipped="2">
  <testcase classname="Area51.homePage" name="ImagesInArrivalsShouldNavigate" time="93.044"/>
  <system-out/>
  <testcase classname="Area51.homePage" name="homePageWithThreeSlidersOnly">
    <skipped/>
  </testcase> <!-- homePageWithThreeSlidersOnly -->
  <system-out/>
  <testcase classname="Area51.homePage" name="homePageWtihThreeArrivalsOnly">
    <skipped/>
  </testcase> <!-- homePageWtihThreeArrivalsOnly -->
  <system-out/>
</testsuite> <!-- Area51.homePage -->
