<?xml version="1.0" encoding="UTF-8"?>
<!-- Generated by org.testng.reporters.JUnitReportReporter -->
<testsuite hostname="MacBook-Air" failures="0" tests="2" name="testNG_Topics.annotations_descriptions" time="0.004" errors="0" timestamp="2023-05-16T19:48:55 EDT" skipped="0">
  <testcase classname="testNG_Topics.annotations_descriptions" name="testCase1" time="0.003"/>
  <system-out/>
  <testcase classname="testNG_Topics.annotations_descriptions" name="testCase2" time="0.001"/>
  <system-out/>
</testsuite> <!-- testNG_Topics.annotations_descriptions -->
