<?xml version="1.0" encoding="UTF-8"?>
<!-- Generated by org.testng.reporters.JUnitReportReporter -->
<testsuite hostname="MacBook-Air" failures="0" tests="1" name="testNG_Topics.ParameterizedTest" time="0.003" errors="0" timestamp="2023-05-22T21:04:35 EDT" skipped="0">
  <testcase classname="testNG_Topics.ParameterizedTest" name="parameterTest" time="0.003"/>
  <system-out/>
</testsuite> <!-- testNG_Topics.ParameterizedTest -->
