<?xml version="1.0" encoding="UTF-8"?>
<!-- Generated by org.testng.reporters.JUnitReportReporter -->
<testsuite hostname="MacBook-Air" failures="0" tests="1" name="SeleniumDay5.StaticDropDownTestCase" time="13.453" errors="0" timestamp="2023-05-24T20:19:04 EDT" skipped="0">
  <testcase classname="SeleniumDay5.StaticDropDownTestCase" name="staticDropDown" time="13.453"/>
  <system-out/>
</testsuite> <!-- SeleniumDay5.StaticDropDownTestCase -->
