<?xml version="1.0" encoding="UTF-8"?>
<!-- Generated by org.testng.reporters.JUnitReportReporter -->
<testsuite hostname="MacBook-Air" failures="0" tests="4" name="testNG_Topics.DependencyTestUsingAnnotation" time="0.006" errors="0" timestamp="2023-05-22T20:46:44 EDT" skipped="0">
  <testcase classname="testNG_Topics.DependencyTestUsingAnnotation" name="aaa" time="0.004"/>
  <system-out/>
  <testcase classname="testNG_Topics.DependencyTestUsingAnnotation" name="method1" time="0.001"/>
  <system-out/>
  <testcase classname="testNG_Topics.DependencyTestUsingAnnotation" name="method2" time="0.000"/>
  <system-out/>
  <testcase classname="testNG_Topics.DependencyTestUsingAnnotation" name="dashboardCheck" time="0.001"/>
  <system-out/>
</testsuite> <!-- testNG_Topics.DependencyTestUsingAnnotation -->
