<?xml version="1.0" encoding="UTF-8"?>
<!-- Generated by org.testng.reporters.JUnitReportReporter -->
<testsuite hostname="MacBook-Air" failures="0" tests="2" name="testNG_Topics.DataProviderTestCase" time="0.003" errors="0" timestamp="2023-05-22T21:55:11 EDT" skipped="0">
  <testcase classname="testNG_Topics.DataProviderTestCase" name="myTest" time="0.000"/>
  <system-out/>
  <testcase classname="testNG_Topics.DataProviderTestCase" name="myTest" time="0.003"/>
  <system-out/>
</testsuite> <!-- testNG_Topics.DataProviderTestCase -->
