<?xml version="1.0" encoding="UTF-8"?>
<!-- Generated by org.testng.reporters.JUnitReportReporter -->
<testsuite hostname="MacBook-Air" failures="0" tests="5" name="testNG_Topics.priorityTest" time="0.004" errors="0" timestamp="2023-05-18T19:25:39 EDT" skipped="0">
  <testcase classname="testNG_Topics.priorityTest" name="Lapa" time="0.003"/>
  <system-out/>
  <testcase classname="testNG_Topics.priorityTest" name="CallOfDuty" time="0.001"/>
  <system-out/>
  <testcase classname="testNG_Topics.priorityTest" name="abcMouse" time="0.000"/>
  <system-out/>
  <testcase classname="testNG_Topics.priorityTest" name="tomAndJerry" time="0.000"/>
  <system-out/>
  <testcase classname="testNG_Topics.priorityTest" name="zrox" time="0.000"/>
  <system-out/>
</testsuite> <!-- testNG_Topics.priorityTest -->
